#
# There is insufficient memory for the Java Runtime Environment to continue.
# Native memory allocation (malloc) failed to allocate 1341456 bytes for Chunk::new
# Possible reasons:
#   The system is out of physical RAM or swap space
#   In 32 bit mode, the process size limit was hit
# Possible solutions:
#   Reduce memory load on the system
#   Increase physical memory or swap space
#   Check if swap backing store is full
#   Use 64 bit Java on a 64 bit OS
#   Decrease Java heap size (-Xmx/-Xms)
#   Decrease number of Java threads
#   Decrease Java thread stack sizes (-Xss)
#   Set larger code cache with -XX:ReservedCodeCacheSize=
# This output file may be truncated or incomplete.
#
#  Out of Memory Error (allocation.cpp:390), pid=6240, tid=5176
#
# JRE version: Java(TM) SE Runtime Environment (8.0_91-b15) (build 1.8.0_91-b15)
# Java VM: Java HotSpot(TM) 64-Bit Server VM (25.91-b15 mixed mode windows-amd64 compressed oops)
# Failed to write core dump. Minidumps are not enabled by default on client versions of Windows
#

---------------  T H R E A D  ---------------

Current thread (0x00000000565dd000):  JavaThread "C2 CompilerThread1" daemon [_thread_in_native, id=5176, stack(0x0000000056fa0000,0x00000000570a0000)]

Stack: [0x0000000056fa0000,0x00000000570a0000]
[error occurred during error reporting (printing stack bounds), id 0xc0000005]

Native frames: (J=compiled Java code, j=interpreted, Vv=VM code, C=native code)


Current CompileTask:
C2:  10815 1800       4       com.android.dx.dex.code.OutputFinisher::addConstants (93 bytes)


---------------  P R O C E S S  ---------------

Java Threads: ( => current thread )
  0x000000005662b000 JavaThread "Service Thread" daemon [_thread_blocked, id=5840, stack(0x0000000056ca0000,0x0000000056da0000)]
  0x000000005660a000 JavaThread "C1 CompilerThread2" daemon [_thread_in_vm, id=1812, stack(0x0000000057210000,0x0000000057310000)]
=>0x00000000565dd000 JavaThread "C2 CompilerThread1" daemon [_thread_in_native, id=5176, stack(0x0000000056fa0000,0x00000000570a0000)]
  0x00000000550cf000 JavaThread "C2 CompilerThread0" daemon [_thread_in_native, id=2264, stack(0x0000000056de0000,0x0000000056ee0000)]
  0x00000000565c9800 JavaThread "Attach Listener" daemon [_thread_blocked, id=7000, stack(0x0000000056a60000,0x0000000056b60000)]
  0x00000000565c8800 JavaThread "Signal Dispatcher" daemon [_thread_blocked, id=5084, stack(0x0000000056b80000,0x0000000056c80000)]
  0x00000000550a9800 JavaThread "Finalizer" daemon [_thread_blocked, id=1340, stack(0x00000000564c0000,0x00000000565c0000)]
  0x0000000055062800 JavaThread "Reference Handler" daemon [_thread_blocked, id=3872, stack(0x0000000056310000,0x0000000056410000)]
  0x0000000001d5e000 JavaThread "main" [_thread_in_native, id=1956, stack(0x0000000002600000,0x0000000002700000)]

Other Threads:
  0x000000005505a800 VMThread [stack: 0x0000000056150000,0x0000000056250000] [id=6160]
  0x0000000056699000 WatcherThread [stack: 0x0000000057100000,0x0000000057200000] [id=5640]

VM state:synchronizing (normal execution)

VM Mutex/Monitor currently owned by a thread:  ([mutex/lock_event])
[0x0000000001d5c710] Safepoint_lock - owner thread: 0x000000005505a800
[0x0000000001d5c790] Threads_lock - owner thread: 0x000000005505a800

Heap:
 PSYoungGen      total 33280K, used 16528K [0x00000000eab00000, 0x00000000eec00000, 0x0000000100000000)
  eden space 30720K, 45% used [0x00000000eab00000,0x00000000eb8a7728,0x00000000ec900000)
  from space 2560K, 99% used [0x00000000ecb80000,0x00000000ecdfcb10,0x00000000ece00000)
  to   space 2560K, 0% used [0x00000000ec900000,0x00000000ec900000,0x00000000ecb80000)
 ParOldGen       total 40960K, used 14201K [0x00000000c0000000, 0x00000000c2800000, 0x00000000eab00000)
  object space 40960K, 34% used [0x00000000c0000000,0x00000000c0dde610,0x00000000c2800000)
 Metaspace       used 6408K, capacity 7256K, committed 7424K, reserved 1056768K
  class space    used 625K, capacity 656K, committed 768K, reserved 1048576K

Card table byte_map: [0x0000000011ac0000,0x0000000011cd0000] byte_map_base: 0x00000000114c0000

Marking Bits: (ParMarkBitMap*) 0x00000000635e2f70
 Begin Bits: [0x00000000124d0000, 0x00000000134d0000)
 End Bits:   [0x00000000134d0000, 0x00000000144d0000)

Polling page: 0x0000000000750000

CodeCache: size=245760Kb used=7598Kb max_used=7598Kb free=238161Kb
 bounds [0x0000000002700000, 0x0000000002e80000, 0x0000000011700000]
 total_blobs=2084 nmethods=1813 adapters=184
 compilation: enabled

Compilation events (10 events):
Event: 9.807 Thread 0x000000005660a000 nmethod 1872 0x0000000002e6f350 code [0x0000000002e6f4c0, 0x0000000002e6f6c8]
Event: 9.807 Thread 0x000000005660a000 1873       2       com.android.dx.rop.code.RegisterSpec::matchesVariable (68 bytes)
Event: 9.808 Thread 0x000000005660a000 nmethod 1873 0x0000000002e6f790 code [0x0000000002e6f920, 0x0000000002e6fc78]
Event: 9.808 Thread 0x000000005660a000 1874       2       com.android.dx.rop.code.RegisterSpec::equalsUsingSimpleType (27 bytes)
Event: 9.808 Thread 0x000000005660a000 nmethod 1874 0x0000000002e6fe90 code [0x0000000002e70000, 0x0000000002e701c8]
Event: 9.808 Thread 0x000000005660a000 1875       2       com.android.dx.dex.code.DalvInsn::getAddress (22 bytes)
Event: 9.808 Thread 0x000000005660a000 nmethod 1875 0x0000000002e70290 code [0x0000000002e70400, 0x0000000002e70608]
Event: 9.809 Thread 0x000000005660a000 1876       2       com.android.dx.dex.code.LocalList$MakeState::aboutToProcess (127 bytes)
Event: 9.809 Thread 0x000000005660a000 nmethod 1876 0x0000000002e706d0 code [0x0000000002e70880, 0x0000000002e70de8]
Event: 9.809 Thread 0x000000005660a000 1880       2       com.android.dx.dex.code.LocalList$MakeState::snapshot (110 bytes)

GC Heap History (8 events):
Event: 2.569 GC heap before
{Heap before GC invocations=1 (full 0):
 PSYoungGen      total 17920K, used 15360K [0x00000000eab00000, 0x00000000ebf00000, 0x0000000100000000)
  eden space 15360K, 100% used [0x00000000eab00000,0x00000000eba00000,0x00000000eba00000)
  from space 2560K, 0% used [0x00000000ebc80000,0x00000000ebc80000,0x00000000ebf00000)
  to   space 2560K, 0% used [0x00000000eba00000,0x00000000eba00000,0x00000000ebc80000)
 ParOldGen       total 40960K, used 0K [0x00000000c0000000, 0x00000000c2800000, 0x00000000eab00000)
  object space 40960K, 0% used [0x00000000c0000000,0x00000000c0000000,0x00000000c2800000)
 Metaspace       used 5825K, capacity 6710K, committed 6784K, reserved 1056768K
  class space    used 608K, capacity 622K, committed 640K, reserved 1048576K
Event: 2.765 GC heap after
Heap after GC invocations=1 (full 0):
 PSYoungGen      total 17920K, used 2541K [0x00000000eab00000, 0x00000000ece00000, 0x0000000100000000)
  eden space 15360K, 0% used [0x00000000eab00000,0x00000000eab00000,0x00000000eba00000)
  from space 2560K, 99% used [0x00000000eba00000,0x00000000ebc7b7c0,0x00000000ebc80000)
  to   space 2560K, 0% used [0x00000000ecb80000,0x00000000ecb80000,0x00000000ece00000)
 ParOldGen       total 40960K, used 2561K [0x00000000c0000000, 0x00000000c2800000, 0x00000000eab00000)
  object space 40960K, 6% used [0x00000000c0000000,0x00000000c0280410,0x00000000c2800000)
 Metaspace       used 5825K, capacity 6710K, committed 6784K, reserved 1056768K
  class space    used 608K, capacity 622K, committed 640K, reserved 1048576K
}
Event: 3.460 GC heap before
{Heap before GC invocations=2 (full 0):
 PSYoungGen      total 17920K, used 17901K [0x00000000eab00000, 0x00000000ece00000, 0x0000000100000000)
  eden space 15360K, 100% used [0x00000000eab00000,0x00000000eba00000,0x00000000eba00000)
  from space 2560K, 99% used [0x00000000eba00000,0x00000000ebc7b7c0,0x00000000ebc80000)
  to   space 2560K, 0% used [0x00000000ecb80000,0x00000000ecb80000,0x00000000ece00000)
 ParOldGen       total 40960K, used 2561K [0x00000000c0000000, 0x00000000c2800000, 0x00000000eab00000)
  object space 40960K, 6% used [0x00000000c0000000,0x00000000c0280410,0x00000000c2800000)
 Metaspace       used 5932K, capacity 6838K, committed 7040K, reserved 1056768K
  class space    used 609K, capacity 622K, committed 640K, reserved 1048576K
Event: 3.572 GC heap after
Heap after GC invocations=2 (full 0):
 PSYoungGen      total 33280K, used 2546K [0x00000000eab00000, 0x00000000ece00000, 0x0000000100000000)
  eden space 30720K, 0% used [0x00000000eab00000,0x00000000eab00000,0x00000000ec900000)
  from space 2560K, 99% used [0x00000000ecb80000,0x00000000ecdfc9d0,0x00000000ece00000)
  to   space 2560K, 0% used [0x00000000ec900000,0x00000000ec900000,0x00000000ecb80000)
 ParOldGen       total 40960K, used 5611K [0x00000000c0000000, 0x00000000c2800000, 0x00000000eab00000)
  object space 40960K, 13% used [0x00000000c0000000,0x00000000c057acb8,0x00000000c2800000)
 Metaspace       used 5932K, capacity 6838K, committed 7040K, reserved 1056768K
  class space    used 609K, capacity 622K, committed 640K, reserved 1048576K
}
Event: 5.023 GC heap before
{Heap before GC invocations=3 (full 0):
 PSYoungGen      total 33280K, used 33266K [0x00000000eab00000, 0x00000000ece00000, 0x0000000100000000)
  eden space 30720K, 100% used [0x00000000eab00000,0x00000000ec900000,0x00000000ec900000)
  from space 2560K, 99% used [0x00000000ecb80000,0x00000000ecdfc9d0,0x00000000ece00000)
  to   space 2560K, 0% used [0x00000000ec900000,0x00000000ec900000,0x00000000ecb80000)
 ParOldGen       total 40960K, used 5611K [0x00000000c0000000, 0x00000000c2800000, 0x00000000eab00000)
  object space 40960K, 13% used [0x00000000c0000000,0x00000000c057acb8,0x00000000c2800000)
 Metaspace       used 6135K, capacity 7030K, committed 7296K, reserved 1056768K
  class space    used 609K, capacity 622K, committed 640K, reserved 1048576K
Event: 6.129 GC heap after
Heap after GC invocations=3 (full 0):
 PSYoungGen      total 33280K, used 2540K [0x00000000eab00000, 0x00000000ece00000, 0x0000000100000000)
  eden space 30720K, 0% used [0x00000000eab00000,0x00000000eab00000,0x00000000ec900000)
  from space 2560K, 99% used [0x00000000ec900000,0x00000000ecb7b130,0x00000000ecb80000)
  to   space 2560K, 0% used [0x00000000ecb80000,0x00000000ecb80000,0x00000000ece00000)
 ParOldGen       total 40960K, used 9978K [0x00000000c0000000, 0x00000000c2800000, 0x00000000eab00000)
  object space 40960K, 24% used [0x00000000c0000000,0x00000000c09beb60,0x00000000c2800000)
 Metaspace       used 6135K, capacity 7030K, committed 7296K, reserved 1056768K
  class space    used 609K, capacity 622K, committed 640K, reserved 1048576K
}
Event: 9.145 GC heap before
{Heap before GC invocations=4 (full 0):
 PSYoungGen      total 33280K, used 33260K [0x00000000eab00000, 0x00000000ece00000, 0x0000000100000000)
  eden space 30720K, 100% used [0x00000000eab00000,0x00000000ec900000,0x00000000ec900000)
  from space 2560K, 99% used [0x00000000ec900000,0x00000000ecb7b130,0x00000000ecb80000)
  to   space 2560K, 0% used [0x00000000ecb80000,0x00000000ecb80000,0x00000000ece00000)
 ParOldGen       total 40960K, used 9978K [0x00000000c0000000, 0x00000000c2800000, 0x00000000eab00000)
  object space 40960K, 24% used [0x00000000c0000000,0x00000000c09beb60,0x00000000c2800000)
 Metaspace       used 6224K, capacity 7094K, committed 7296K, reserved 1056768K
  class space    used 609K, capacity 622K, committed 640K, reserved 1048576K
Event: 9.177 GC heap after
Heap after GC invocations=4 (full 0):
 PSYoungGen      total 33280K, used 2546K [0x00000000eab00000, 0x00000000eec00000, 0x0000000100000000)
  eden space 30720K, 0% used [0x00000000eab00000,0x00000000eab00000,0x00000000ec900000)
  from space 2560K, 99% used [0x00000000ecb80000,0x00000000ecdfcb10,0x00000000ece00000)
  to   space 2560K, 0% used [0x00000000ec900000,0x00000000ec900000,0x00000000ecb80000)
 ParOldGen       total 40960K, used 14201K [0x00000000c0000000, 0x00000000c2800000, 0x00000000eab00000)
  object space 40960K, 34% used [0x00000000c0000000,0x00000000c0dde610,0x00000000c2800000)
 Metaspace       used 6224K, capacity 7094K, committed 7296K, reserved 1056768K
  class space    used 609K, capacity 622K, committed 640K, reserved 1048576K
}

Deoptimization events (10 events):
Event: 8.934 Thread 0x00000000568d5800 Uncommon trap: reason=bimorphic action=maybe_recompile pc=0x0000000002a2f14c method=java.util.HashMap.getNode(ILjava/lang/Object;)Ljava/util/HashMap$Node; @ 126
Event: 9.736 Thread 0x0000000001d5e000 Uncommon trap: reason=class_check action=maybe_recompile pc=0x0000000002ac1cf8 method=java.util.Arrays.hashCode([Ljava/lang/Object;)I @ 43
Event: 9.736 Thread 0x0000000001d5e000 Uncommon trap: reason=class_check action=maybe_recompile pc=0x0000000002ac1cf8 method=java.util.Arrays.hashCode([Ljava/lang/Object;)I @ 43
Event: 9.736 Thread 0x0000000001d5e000 Uncommon trap: reason=class_check action=maybe_recompile pc=0x0000000002ac1cf8 method=java.util.Arrays.hashCode([Ljava/lang/Object;)I @ 43
Event: 9.736 Thread 0x0000000001d5e000 Uncommon trap: reason=class_check action=maybe_recompile pc=0x0000000002ac1cf8 method=java.util.Arrays.hashCode([Ljava/lang/Object;)I @ 43
Event: 9.737 Thread 0x0000000001d5e000 Uncommon trap: reason=class_check action=maybe_recompile pc=0x0000000002abe034 method=java.util.Arrays.hashCode([Ljava/lang/Object;)I @ 43
Event: 9.741 Thread 0x0000000001d5e000 Uncommon trap: reason=class_check action=maybe_recompile pc=0x0000000002a32a6c method=java.util.HashMap.putVal(ILjava/lang/Object;Ljava/lang/Object;ZZ)Ljava/lang/Object; @ 91
Event: 9.741 Thread 0x0000000001d5e000 Uncommon trap: reason=class_check action=maybe_recompile pc=0x0000000002a32a6c method=java.util.HashMap.putVal(ILjava/lang/Object;Ljava/lang/Object;ZZ)Ljava/lang/Object; @ 91
Event: 9.741 Thread 0x0000000001d5e000 Uncommon trap: reason=class_check action=maybe_recompile pc=0x0000000002a32a6c method=java.util.HashMap.putVal(ILjava/lang/Object;Ljava/lang/Object;ZZ)Ljava/lang/Object; @ 91
Event: 9.742 Thread 0x0000000001d5e000 Uncommon trap: reason=class_check action=maybe_recompile pc=0x0000000002a32a6c method=java.util.HashMap.putVal(ILjava/lang/Object;Ljava/lang/Object;ZZ)Ljava/lang/Object; @ 91

Internal exceptions (3 events):
Event: 0.228 Thread 0x0000000001d5e000 Exception <a 'java/lang/NoSuchMethodError': Method sun.misc.Unsafe.defineClass(Ljava/lang/String;[BII)Ljava/lang/Class; name or signature does not match> (0x00000000eab07cc0) thrown at [C:\re\workspace\8-2-build-windows-amd64-cygwin\jdk8u91\7017\hotspot\sr»´ÍŽ(Í?
Event: 0.228 Thread 0x0000000001d5e000 Exception <a 'java/lang/NoSuchMethodError': Method sun.misc.Unsafe.prefetchRead(Ljava/lang/Object;J)V name or signature does not match> (0x00000000eab07fa8) thrown at [C:\re\workspace\8-2-build-windows-amd64-cygwin\jdk8u91\7017\hotspot\src\share\vm\prims\j9½Vø¢@
Event: 4.659 Thread 0x00000000568d5800 Implicit null exception at 0x0000000002a336f4 to 0x0000000002a343b1

Events (10 events):
Event: 9.797 loading class com/android/dx/dex/code/LocalList$Disposition
Event: 9.797 loading class com/android/dx/dex/code/LocalList$Disposition done
Event: 9.797 loading class com/android/dx/dex/code/LocalList$Entry
Event: 9.797 loading class com/android/dx/dex/code/LocalList$Entry done
Event: 9.798 loading class com/android/dx/dex/code/CatchHandlerList
Event: 9.798 loading class com/android/dx/dex/code/CatchHandlerList done
Event: 9.799 loading class com/android/dx/dex/code/CatchTable
Event: 9.799 loading class com/android/dx/dex/code/CatchTable done
Event: 9.810 loading class com/android/dx/rop/code/RegisterSpecList$Expander
Event: 9.810 loading class com/android/dx/rop/code/RegisterSpecList$Expander done


Dynamic libraries:
0x000000013f2e0000 - 0x000000013f317000 	C:\Program Files\Java\jdk1.8.0_91\bin\java.exe
0x00000000773c0000 - 0x0000000077569000 	C:\Windows\SYSTEM32\ntdll.dll
0x00000000772a0000 - 0x00000000773bf000 	C:\Windows\system32\kernel32.dll
0x000007fefd1d0000 - 0x000007fefd23b000 	C:\Windows\system32\KERNELBASE.dll
0x000007fefe540000 - 0x000007fefe61b000 	C:\Windows\system32\ADVAPI32.dll
0x000007feff3b0000 - 0x000007feff44f000 	C:\Windows\system32\msvcrt.dll
0x000007feff450000 - 0x000007feff46f000 	C:\Windows\SYSTEM32\sechost.dll
0x000007fefe0b0000 - 0x000007fefe1dd000 	C:\Windows\system32\RPCRT4.dll
0x00000000771a0000 - 0x000000007729a000 	C:\Windows\system32\USER32.dll
0x000007fefe4c0000 - 0x000007fefe527000 	C:\Windows\system32\GDI32.dll
0x000007fefe530000 - 0x000007fefe53e000 	C:\Windows\system32\LPK.dll
0x000007fefe3f0000 - 0x000007fefe4b9000 	C:\Windows\system32\USP10.dll
0x000007fefbac0000 - 0x000007fefbcb4000 	C:\Windows\WinSxS\amd64_microsoft.windows.common-controls_6595b64144ccf1df_6.0.7601.17514_none_fa396087175ac9ac\COMCTL32.dll
0x000007fefde40000 - 0x000007fefdeb1000 	C:\Windows\system32\SHLWAPI.dll
0x000007feff650000 - 0x000007feff67e000 	C:\Windows\system32\IMM32.DLL
0x000007fefd530000 - 0x000007fefd639000 	C:\Windows\system32\MSCTF.dll
0x000000006d7e0000 - 0x000000006d8b2000 	C:\Program Files\Java\jdk1.8.0_91\jre\bin\msvcr100.dll
0x0000000062dd0000 - 0x0000000063663000 	C:\Program Files\Java\jdk1.8.0_91\jre\bin\server\jvm.dll
0x000007fef4f50000 - 0x000007fef4f59000 	C:\Windows\system32\WSOCK32.dll
0x000007feff680000 - 0x000007feff6cd000 	C:\Windows\system32\WS2_32.dll
0x000007fefdf40000 - 0x000007fefdf48000 	C:\Windows\system32\NSI.dll
0x000007fef6cb0000 - 0x000007fef6ceb000 	C:\Windows\system32\WINMM.dll
0x000007fefc260000 - 0x000007fefc26c000 	C:\Windows\system32\VERSION.dll
0x0000000077580000 - 0x0000000077587000 	C:\Windows\system32\PSAPI.DLL
0x00000000747a0000 - 0x00000000747af000 	C:\Program Files\Java\jdk1.8.0_91\jre\bin\verify.dll
0x0000000074770000 - 0x0000000074799000 	C:\Program Files\Java\jdk1.8.0_91\jre\bin\java.dll
0x0000000074700000 - 0x0000000074716000 	C:\Program Files\Java\jdk1.8.0_91\jre\bin\zip.dll
0x000007fefe620000 - 0x000007feff3a8000 	C:\Windows\system32\SHELL32.dll
0x000007fefe1e0000 - 0x000007fefe3e3000 	C:\Windows\system32\ole32.dll
0x000007fefd180000 - 0x000007fefd18f000 	C:\Windows\system32\profapi.dll

VM Arguments:
jvm_args: -Djava.awt.headless=true -Xmx1024M -Dfile.encoding=x-windows-949 -Duser.country=KR -Duser.language=ko -Duser.variant 
java_command: com.android.dx.command.Main --dex --force-jumbo --num-threads=4 --output C:\Users\Tacademy\AndroidStudioProjects\SampleYoutube\app\build\intermediates\pre-dexed\debug\com.android.support-support-fragment-24.2.0_785b53cade8fd76c23b3899986a5ad5e65adf4cc.jar C:\Users\Tacademy\AndroidStudioProjects\SampleYoutube\app\build\intermediates\exploded-aar\com.android.support\support-fragment\24.2.0\jars\classes.jar
java_class_path (initial): C:\Users\Tacademy\AppData\Local\Android\sdk\build-tools\24.0.1\lib\dx.jar
Launcher Type: SUN_STANDARD

Environment Variables:
JAVA_HOME=C:\Program Files\Java\jdk1.8.0_91
PATH=C:\Program Files\Java\jdk1.8.0_91\bin;C:\ProgramData\Oracle\Java\javapath;C:\Program Files (x86)\Intel\iCLS Client\;C:\Program Files\Intel\iCLS Client\;C:\Windows\system32;C:\Windows;C:\Windows\System32\Wbem;C:\Windows\System32\WindowsPowerShell\v1.0\;C:\Program Files\Intel\Intel(R) Management Engine Components\DAL;C:\Program Files\Intel\Intel(R) Management Engine Components\IPT;C:\Program Files (x86)\Intel\Intel(R) Management Engine Components\DAL;C:\Program Files (x86)\Intel\Intel(R) Management Engine Components\IPT;C:\Program Files (x86)\Intel\OpenCL SDK\2.0\bin\x86;C:\Program Files (x86)\Intel\OpenCL SDK\2.0\bin\x64;C:\Program Files\Intel\WiFi\bin\;C:\Program Files\Common Files\Intel\WirelessCommon\;C:\Program Files\Git\cmd;C:\Users\Tacademy\AndroidStudioProjects\s;C:\Program Files\Intel\WiFi\bin\;C:\Program Files\Common Files\Intel\WirelessCommon\;C:\Program Files\Bandizip\7z
USERNAME=Tacademy
OS=Windows_NT
PROCESSOR_IDENTIFIER=Intel64 Family 6 Model 58 Stepping 9, GenuineIntel



---------------  S Y S T E M  ---------------

OS: Windows 7 , 64 bit Build 7601 (6.1.7601.18015)

CPU:total 4 (2 cores per cpu, 2 threads per core) family 6 model 58 stepping 9, cmov, cx8, fxsr, mmx, sse, sse2, sse3, ssse3, sse4.1, sse4.2, popcnt, avx, aes, clmul, erms, ht, tsc, tscinvbit, tscinv

Memory: 4k page, physical 3888676k(210108k free), swap 7972788k(258528k free)

vm_info: Java HotSpot(TM) 64-Bit Server VM (25.91-b15) for windows-amd64 JRE (1.8.0_91-b15), built on May 20 2016 17:43:15 by "java_re" with MS VC++ 10.0 (VS2010)

time: Mon Sep 19 20:31:06 2016
elapsed time: 10 seconds (0d 0h 0m 10s)

